<?xml version="1.0" encoding="UTF-8"?>
<testsuite name="CardGameTest" tests="1" skipped="0" failures="0" errors="0" timestamp="2022-12-16T20:01:52" hostname="BARTEK" time="2.373">
  <properties/>
  <testcase name="start" classname="CardGameTest" time="2.373"/>
  <system-out><![CDATA[?[1;31m
Start test 1?[0m
Indigo Card Game
Play first?
> yes
Initial cards on the table: J♥ 7♠ 6♦ 6♠ 

4 cards on the table, and the top card is 6♠
Cards in hand: 1)A♥ 2)9♠ 3)J♣ 4)3♠ 5)3♥ 6)9♣ 
Choose a card to play (1-6):
> 2

Player wins cards
Score: Player 1 - Computer 0
Cards: Player 5 - Computer 0
No cards on the table
4♠ J♠ J♦ 10♦ 2♠ 7♦ 
Computer plays 2♠

1 cards on the table, and the top card is 2♠
Cards in hand: 1)A♥ 2)J♣ 3)3♠ 4)3♥ 5)9♣ 
Choose a card to play (1-5):
> 3

Player wins cards
Score: Player 1 - Computer 0
Cards: Player 7 - Computer 0
No cards on the table
4♠ J♠ J♦ 10♦ 7♦ 
Computer plays 10♦

1 cards on the table, and the top card is 10♦
Cards in hand: 1)A♥ 2)J♣ 3)3♥ 4)9♣ 
Choose a card to play (1-4):
> 1

2 cards on the table, and the top card is A♥
4♠ J♠ J♦ 7♦ 
Computer plays 7♦

3 cards on the table, and the top card is 7♦
Cards in hand: 1)J♣ 2)3♥ 3)9♣ 
Choose a card to play (1-3):
> 1

4 cards on the table, and the top card is J♣
4♠ J♠ J♦ 
Computer plays J♠

Computer wins cards
Score: Player 1 - Computer 4
Cards: Player 7 - Computer 5
No cards on the table
Cards in hand: 1)3♥ 2)9♣ 
Choose a card to play (1-2):
> 1

1 cards on the table, and the top card is 3♥
4♠ J♦ 
Computer plays J♦

2 cards on the table, and the top card is J♦
Cards in hand: 1)9♣ 
Choose a card to play (1-1):
> 1

3 cards on the table, and the top card is 9♣
4♠ 
Computer plays 4♠

4 cards on the table, and the top card is 4♠
Cards in hand: 1)4♣ 2)4♦ 3)K♦ 4)Q♦ 5)9♥ 6)Q♠ 
Choose a card to play (1-6):
> 1

Player wins cards
Score: Player 2 - Computer 4
Cards: Player 12 - Computer 5
No cards on the table
A♣ 8♥ 8♦ 2♥ 9♦ Q♥ 
Computer plays 8♥

1 cards on the table, and the top card is 8♥
Cards in hand: 1)4♦ 2)K♦ 3)Q♦ 4)9♥ 5)Q♠ 
Choose a card to play (1-5):
> 4

Player wins cards
Score: Player 2 - Computer 4
Cards: Player 14 - Computer 5
No cards on the table
A♣ 8♦ 2♥ 9♦ Q♥ 
Computer plays 9♦

1 cards on the table, and the top card is 9♦
Cards in hand: 1)4♦ 2)K♦ 3)Q♦ 4)Q♠ 
Choose a card to play (1-4):
> 1

Player wins cards
Score: Player 2 - Computer 4
Cards: Player 16 - Computer 5
No cards on the table
A♣ 8♦ 2♥ Q♥ 
Computer plays 2♥

1 cards on the table, and the top card is 2♥
Cards in hand: 1)K♦ 2)Q♦ 3)Q♠ 
Choose a card to play (1-3):
> 1

2 cards on the table, and the top card is K♦
A♣ 8♦ Q♥ 
Computer plays 8♦

Computer wins cards
Score: Player 2 - Computer 5
Cards: Player 16 - Computer 8
No cards on the table
Cards in hand: 1)Q♦ 2)Q♠ 
Choose a card to play (1-2):
> 1

1 cards on the table, and the top card is Q♦
A♣ Q♥ 
Computer plays Q♥

Computer wins cards
Score: Player 2 - Computer 7
Cards: Player 16 - Computer 10
No cards on the table
Cards in hand: 1)Q♠ 
Choose a card to play (1-1):
> 1

1 cards on the table, and the top card is Q♠
A♣ 
Computer plays A♣

2 cards on the table, and the top card is A♣
Cards in hand: 1)4♥ 2)10♠ 3)10♣ 4)Q♣ 5)6♣ 6)K♥ 
Choose a card to play (1-6):
> 3

Player wins cards
Score: Player 5 - Computer 7
Cards: Player 19 - Computer 10
No cards on the table
5♣ 8♠ 3♦ K♣ 2♣ 5♦ 
Computer plays 2♣

1 cards on the table, and the top card is 2♣
Cards in hand: 1)4♥ 2)10♠ 3)Q♣ 4)6♣ 5)K♥ 
Choose a card to play (1-5):
> 3

Player wins cards
Score: Player 6 - Computer 7
Cards: Player 21 - Computer 10
No cards on the table
5♣ 8♠ 3♦ K♣ 5♦ 
Computer plays 3♦

1 cards on the table, and the top card is 3♦
Cards in hand: 1)4♥ 2)10♠ 3)6♣ 4)K♥ 
Choose a card to play (1-4):
> 1

2 cards on the table, and the top card is 4♥
5♣ 8♠ K♣ 5♦ 
Computer plays K♣

3 cards on the table, and the top card is K♣
Cards in hand: 1)10♠ 2)6♣ 3)K♥ 
Choose a card to play (1-3):
> 2

Player wins cards
Score: Player 7 - Computer 7
Cards: Player 25 - Computer 10
No cards on the table
5♣ 8♠ 5♦ 
Computer plays 5♦

1 cards on the table, and the top card is 5♦
Cards in hand: 1)10♠ 2)K♥ 
Choose a card to play (1-2):
> 1

2 cards on the table, and the top card is 10♠
5♣ 8♠ 
Computer plays 8♠

Computer wins cards
Score: Player 7 - Computer 8
Cards: Player 25 - Computer 13
No cards on the table
Cards in hand: 1)K♥ 
Choose a card to play (1-1):
> 1

1 cards on the table, and the top card is K♥
5♣ 
Computer plays 5♣

2 cards on the table, and the top card is 5♣
Cards in hand: 1)5♥ 2)8♣ 3)K♠ 4)5♠ 5)A♦ 6)7♥ 
Choose a card to play (1-6):
> 1

Player wins cards
Score: Player 8 - Computer 8
Cards: Player 28 - Computer 13
No cards on the table
7♣ 3♣ A♠ 2♦ 10♥ 6♥ 
Computer plays 3♣

1 cards on the table, and the top card is 3♣
Cards in hand: 1)8♣ 2)K♠ 3)5♠ 4)A♦ 5)7♥ 
Choose a card to play (1-5):
> 1

Player wins cards
Score: Player 8 - Computer 8
Cards: Player 30 - Computer 13
No cards on the table
7♣ A♠ 2♦ 10♥ 6♥ 
Computer plays 10♥

1 cards on the table, and the top card is 10♥
Cards in hand: 1)K♠ 2)5♠ 3)A♦ 4)7♥ 
Choose a card to play (1-4):
> 4

Player wins cards
Score: Player 9 - Computer 8
Cards: Player 32 - Computer 13
No cards on the table
7♣ A♠ 2♦ 6♥ 
Computer plays 7♣

1 cards on the table, and the top card is 7♣
Cards in hand: 1)K♠ 2)5♠ 3)A♦ 
Choose a card to play (1-3):
> 1

2 cards on the table, and the top card is K♠
A♠ 2♦ 6♥ 
Computer plays A♠

Computer wins cards
Score: Player 9 - Computer 10
Cards: Player 32 - Computer 16
No cards on the table
Cards in hand: 1)5♠ 2)A♦ 
Choose a card to play (1-2):
> 1

1 cards on the table, and the top card is 5♠
2♦ 6♥ 
Computer plays 2♦

2 cards on the table, and the top card is 2♦
Cards in hand: 1)A♦ 
Choose a card to play (1-1):
> 1

Player wins cards
Score: Player 10 - Computer 10
Cards: Player 35 - Computer 16
No cards on the table
6♥ 
Computer plays 6♥

1 cards on the table, and the top card is 6♥
Score: Player 13 - Computer 10
Cards: Player 36 - Computer 16
Game Over
Indigo Card Game
Play first?
> yes
Initial cards on the table: 8♣ A♣ 8♦ 7♥ 

4 cards on the table, and the top card is 7♥
Cards in hand: 1)Q♥ 2)3♥ 3)5♥ 4)Q♦ 5)3♣ 6)8♥ 
Choose a card to play (1-6):
> 1

Player wins cards
Score: Player 2 - Computer 0
Cards: Player 5 - Computer 0
No cards on the table
10♥ 9♠ 4♠ 2♦ Q♠ 9♥ 
Computer plays 10♥

1 cards on the table, and the top card is 10♥
Cards in hand: 1)3♥ 2)5♥ 3)Q♦ 4)3♣ 5)8♥ 
Choose a card to play (1-5):
> 1

Player wins cards
Score: Player 3 - Computer 0
Cards: Player 7 - Computer 0
No cards on the table
9♠ 4♠ 2♦ Q♠ 9♥ 
Computer plays 9♠

1 cards on the table, and the top card is 9♠
Cards in hand: 1)5♥ 2)Q♦ 3)3♣ 4)8♥ 
Choose a card to play (1-4):
> 1

2 cards on the table, and the top card is 5♥
4♠ 2♦ Q♠ 9♥ 
Computer plays 9♥

Computer wins cards
Score: Player 3 - Computer 0
Cards: Player 7 - Computer 3
No cards on the table
Cards in hand: 1)Q♦ 2)3♣ 3)8♥ 
Choose a card to play (1-3):
> 3

1 cards on the table, and the top card is 8♥
4♠ 2♦ Q♠ 
Computer plays Q♠

2 cards on the table, and the top card is Q♠
Cards in hand: 1)Q♦ 2)3♣ 
Choose a card to play (1-2):
> 1

Player wins cards
Score: Player 5 - Computer 0
Cards: Player 10 - Computer 3
No cards on the table
4♠ 2♦ 
Computer plays 2♦

1 cards on the table, and the top card is 2♦
Cards in hand: 1)3♣ 
Choose a card to play (1-1):
> 1

2 cards on the table, and the top card is 3♣
4♠ 
Computer plays 4♠

3 cards on the table, and the top card is 4♠
Cards in hand: 1)8♠ 2)J♥ 3)7♠ 4)7♦ 5)4♥ 6)A♠ 
Choose a card to play (1-6):
> 1

Player wins cards
Score: Player 5 - Computer 0
Cards: Player 14 - Computer 3
No cards on the table
7♣ K♥ 6♠ 3♦ 2♣ J♠ 
Computer plays J♠

1 cards on the table, and the top card is J♠
Cards in hand: 1)J♥ 2)7♠ 3)7♦ 4)4♥ 5)A♠ 
Choose a card to play (1-5):
> 2

Player wins cards
Score: Player 6 - Computer 0
Cards: Player 16 - Computer 3
No cards on the table
7♣ K♥ 6♠ 3♦ 2♣ 
Computer plays 7♣

1 cards on the table, and the top card is 7♣
Cards in hand: 1)J♥ 2)7♦ 3)4♥ 4)A♠ 
Choose a card to play (1-4):
> 2

Player wins cards
Score: Player 6 - Computer 0
Cards: Player 18 - Computer 3
No cards on the table
K♥ 6♠ 3♦ 2♣ 
Computer plays 3♦

1 cards on the table, and the top card is 3♦
Cards in hand: 1)J♥ 2)4♥ 3)A♠ 
Choose a card to play (1-3):
> 1

2 cards on the table, and the top card is J♥
K♥ 6♠ 2♣ 
Computer plays K♥

Computer wins cards
Score: Player 6 - Computer 2
Cards: Player 18 - Computer 6
No cards on the table
Cards in hand: 1)4♥ 2)A♠ 
Choose a card to play (1-2):
> 1

1 cards on the table, and the top card is 4♥
6♠ 2♣ 
Computer plays 2♣

2 cards on the table, and the top card is 2♣
Cards in hand: 1)A♠ 
Choose a card to play (1-1):
> 1

3 cards on the table, and the top card is A♠
6♠ 
Computer plays 6♠

Computer wins cards
Score: Player 6 - Computer 3
Cards: Player 18 - Computer 10
No cards on the table
Cards in hand: 1)9♣ 2)2♠ 3)A♥ 4)J♦ 5)6♣ 6)2♥ 
Choose a card to play (1-6):
> 2

1 cards on the table, and the top card is 2♠
K♦ 5♣ 9♦ 5♠ A♦ 10♦ 
Computer plays 5♠

Computer wins cards
Score: Player 6 - Computer 3
Cards: Player 18 - Computer 12
No cards on the table
Cards in hand: 1)9♣ 2)A♥ 3)J♦ 4)6♣ 5)2♥ 
Choose a card to play (1-5):
> 2

1 cards on the table, and the top card is A♥
K♦ 5♣ 9♦ A♦ 10♦ 
Computer plays A♦

Computer wins cards
Score: Player 6 - Computer 5
Cards: Player 18 - Computer 14
No cards on the table
Cards in hand: 1)9♣ 2)J♦ 3)6♣ 4)2♥ 
Choose a card to play (1-4):
> 2

1 cards on the table, and the top card is J♦
K♦ 5♣ 9♦ 10♦ 
Computer plays 9♦

Computer wins cards
Score: Player 6 - Computer 6
Cards: Player 18 - Computer 16
No cards on the table
Cards in hand: 1)9♣ 2)6♣ 3)2♥ 
Choose a card to play (1-3):
> 1

1 cards on the table, and the top card is 9♣
K♦ 5♣ 10♦ 
Computer plays 5♣

Computer wins cards
Score: Player 6 - Computer 6
Cards: Player 18 - Computer 18
No cards on the table
Cards in hand: 1)6♣ 2)2♥ 
Choose a card to play (1-2):
> 1

1 cards on the table, and the top card is 6♣
K♦ 10♦ 
Computer plays 10♦

2 cards on the table, and the top card is 10♦
Cards in hand: 1)2♥ 
Choose a card to play (1-1):
> 1

3 cards on the table, and the top card is 2♥
K♦ 
Computer plays K♦

4 cards on the table, and the top card is K♦
Cards in hand: 1)6♦ 2)4♦ 3)K♠ 4)10♣ 5)Q♣ 6)K♣ 
Choose a card to play (1-6):
> 1

Player wins cards
Score: Player 8 - Computer 6
Cards: Player 23 - Computer 18
No cards on the table
3♠ 6♥ 5♦ J♣ 10♠ 4♣ 
Computer plays J♣

1 cards on the table, and the top card is J♣
Cards in hand: 1)4♦ 2)K♠ 3)10♣ 4)Q♣ 5)K♣ 
Choose a card to play (1-5):
> 3

Player wins cards
Score: Player 10 - Computer 6
Cards: Player 25 - Computer 18
No cards on the table
3♠ 6♥ 5♦ 10♠ 4♣ 
Computer plays 3♠

1 cards on the table, and the top card is 3♠
Cards in hand: 1)4♦ 2)K♠ 3)Q♣ 4)K♣ 
Choose a card to play (1-4):
> 2

Player wins cards
Score: Player 11 - Computer 6
Cards: Player 27 - Computer 18
No cards on the table
6♥ 5♦ 10♠ 4♣ 
Computer plays 10♠

1 cards on the table, and the top card is 10♠
Cards in hand: 1)4♦ 2)Q♣ 3)K♣ 
Choose a card to play (1-3):
> 2

2 cards on the table, and the top card is Q♣
6♥ 5♦ 4♣ 
Computer plays 4♣

Computer wins cards
Score: Player 11 - Computer 8
Cards: Player 27 - Computer 21
No cards on the table
Cards in hand: 1)4♦ 2)K♣ 
Choose a card to play (1-2):
> 1

1 cards on the table, and the top card is 4♦
6♥ 5♦ 
Computer plays 5♦

Computer wins cards
Score: Player 11 - Computer 8
Cards: Player 27 - Computer 23
No cards on the table
Cards in hand: 1)K♣ 
Choose a card to play (1-1):
> 1

1 cards on the table, and the top card is K♣
6♥ 
Computer plays 6♥

2 cards on the table, and the top card is 6♥
Score: Player 14 - Computer 9
Cards: Player 27 - Computer 25
Game Over
Indigo Card Game
Play first?
> yes
Initial cards on the table: J♥ 4♦ 4♣ 3♣ 

4 cards on the table, and the top card is 3♣
Cards in hand: 1)A♥ 2)J♦ 3)K♦ 4)3♠ 5)Q♠ 6)K♣ 
Choose a card to play (1-6):
> 4

Player wins cards
Score: Player 1 - Computer 0
Cards: Player 5 - Computer 0
No cards on the table
9♣ 10♥ 8♣ 2♠ 10♠ 2♣ 
Computer plays 10♠

1 cards on the table, and the top card is 10♠
Cards in hand: 1)A♥ 2)J♦ 3)K♦ 4)Q♠ 5)K♣ 
Choose a card to play (1-5):
> 4

Player wins cards
Score: Player 3 - Computer 0
Cards: Player 7 - Computer 0
No cards on the table
9♣ 10♥ 8♣ 2♠ 2♣ 
Computer plays 8♣

1 cards on the table, and the top card is 8♣
Cards in hand: 1)A♥ 2)J♦ 3)K♦ 4)K♣ 
Choose a card to play (1-4):
> 4

Player wins cards
Score: Player 4 - Computer 0
Cards: Player 9 - Computer 0
No cards on the table
9♣ 10♥ 2♠ 2♣ 
Computer plays 2♣

1 cards on the table, and the top card is 2♣
Cards in hand: 1)A♥ 2)J♦ 3)K♦ 
Choose a card to play (1-3):
> 2

2 cards on the table, and the top card is J♦
9♣ 10♥ 2♠ 
Computer plays 10♥

3 cards on the table, and the top card is 10♥
Cards in hand: 1)A♥ 2)K♦ 
Choose a card to play (1-2):
> 1

Player wins cards
Score: Player 7 - Computer 0
Cards: Player 13 - Computer 0
No cards on the table
9♣ 2♠ 
Computer plays 2♠

1 cards on the table, and the top card is 2♠
Cards in hand: 1)K♦ 
Choose a card to play (1-1):
> 1

2 cards on the table, and the top card is K♦
9♣ 
Computer plays 9♣

3 cards on the table, and the top card is 9♣
Cards in hand: 1)5♣ 2)2♥ 3)Q♣ 4)7♦ 5)9♠ 6)A♠ 
Choose a card to play (1-6):
> 1

Player wins cards
Score: Player 8 - Computer 0
Cards: Player 17 - Computer 0
No cards on the table
5♦ J♣ 8♥ K♠ 3♦ 6♥ 
Computer plays 8♥

1 cards on the table, and the top card is 8♥
Cards in hand: 1)2♥ 2)Q♣ 3)7♦ 4)9♠ 5)A♠ 
Choose a card to play (1-5):
> 1

Player wins cards
Score: Player 8 - Computer 0
Cards: Player 19 - Computer 0
No cards on the table
5♦ J♣ K♠ 3♦ 6♥ 
Computer plays 3♦

1 cards on the table, and the top card is 3♦
Cards in hand: 1)Q♣ 2)7♦ 3)9♠ 4)A♠ 
Choose a card to play (1-4):
> 2

Player wins cards
Score: Player 8 - Computer 0
Cards: Player 21 - Computer 0
No cards on the table
5♦ J♣ K♠ 6♥ 
Computer plays 6♥

1 cards on the table, and the top card is 6♥
Cards in hand: 1)Q♣ 2)9♠ 3)A♠ 
Choose a card to play (1-3):
> 2

2 cards on the table, and the top card is 9♠
5♦ J♣ K♠ 
Computer plays K♠

Computer wins cards
Score: Player 8 - Computer 1
Cards: Player 21 - Computer 3
No cards on the table
Cards in hand: 1)Q♣ 2)A♠ 
Choose a card to play (1-2):
> 2

1 cards on the table, and the top card is A♠
5♦ J♣ 
Computer plays J♣

2 cards on the table, and the top card is J♣
Cards in hand: 1)Q♣ 
Choose a card to play (1-1):
> 1

Player wins cards
Score: Player 11 - Computer 1
Cards: Player 24 - Computer 3
No cards on the table
5♦ 
Computer plays 5♦

1 cards on the table, and the top card is 5♦
Cards in hand: 1)10♦ 2)10♣ 3)K♥ 4)6♦ 5)9♦ 6)7♥ 
Choose a card to play (1-6):
> 1

Player wins cards
Score: Player 12 - Computer 1
Cards: Player 26 - Computer 3
No cards on the table
5♠ 9♥ 5♥ 7♠ A♣ 7♣ 
Computer plays 7♣

1 cards on the table, and the top card is 7♣
Cards in hand: 1)10♣ 2)K♥ 3)6♦ 4)9♦ 5)7♥ 
Choose a card to play (1-5):
> 1

Player wins cards
Score: Player 13 - Computer 1
Cards: Player 28 - Computer 3
No cards on the table
5♠ 9♥ 5♥ 7♠ A♣ 
Computer plays 7♠

1 cards on the table, and the top card is 7♠
Cards in hand: 1)K♥ 2)6♦ 3)9♦ 4)7♥ 
Choose a card to play (1-4):
> 4

Player wins cards
Score: Player 13 - Computer 1
Cards: Player 30 - Computer 3
No cards on the table
5♠ 9♥ 5♥ A♣ 
Computer plays 5♥

1 cards on the table, and the top card is 5♥
Cards in hand: 1)K♥ 2)6♦ 3)9♦ 
Choose a card to play (1-3):
> 1

Player wins cards
Score: Player 14 - Computer 1
Cards: Player 32 - Computer 3
No cards on the table
5♠ 9♥ A♣ 
Computer plays 9♥

1 cards on the table, and the top card is 9♥
Cards in hand: 1)6♦ 2)9♦ 
Choose a card to play (1-2):
> 2

Player wins cards
Score: Player 14 - Computer 1
Cards: Player 34 - Computer 3
No cards on the table
5♠ A♣ 
Computer plays 5♠

1 cards on the table, and the top card is 5♠
Cards in hand: 1)6♦ 
Choose a card to play (1-1):
> 1

2 cards on the table, and the top card is 6♦
A♣ 
Computer plays A♣

3 cards on the table, and the top card is A♣
Cards in hand: 1)2♦ 2)A♦ 3)Q♥ 4)8♠ 5)8♦ 6)J♠ 
Choose a card to play (1-6):
> 2

Player wins cards
Score: Player 16 - Computer 1
Cards: Player 38 - Computer 3
No cards on the table
6♣ 4♥ 4♠ 6♠ 3♥ Q♦ 
Computer plays 4♥

1 cards on the table, and the top card is 4♥
Cards in hand: 1)2♦ 2)Q♥ 3)8♠ 4)8♦ 5)J♠ 
Choose a card to play (1-5):
> 2

Player wins cards
Score: Player 17 - Computer 1
Cards: Player 40 - Computer 3
No cards on the table
6♣ 4♠ 6♠ 3♥ Q♦ 
Computer plays 4♠

1 cards on the table, and the top card is 4♠
Cards in hand: 1)2♦ 2)8♠ 3)8♦ 4)J♠ 
Choose a card to play (1-4):
> 2

Player wins cards
Score: Player 17 - Computer 1
Cards: Player 42 - Computer 3
No cards on the table
6♣ 6♠ 3♥ Q♦ 
Computer plays 6♣

1 cards on the table, and the top card is 6♣
Cards in hand: 1)2♦ 2)8♦ 3)J♠ 
Choose a card to play (1-3):
> 1

2 cards on the table, and the top card is 2♦
6♠ 3♥ Q♦ 
Computer plays Q♦

Computer wins cards
Score: Player 17 - Computer 2
Cards: Player 42 - Computer 6
No cards on the table
Cards in hand: 1)8♦ 2)J♠ 
Choose a card to play (1-2):
> 1

1 cards on the table, and the top card is 8♦
6♠ 3♥ 
Computer plays 3♥

2 cards on the table, and the top card is 3♥
Cards in hand: 1)J♠ 
Choose a card to play (1-1):
> 1

3 cards on the table, and the top card is J♠
6♠ 
Computer plays 6♠

Computer wins cards
Score: Player 17 - Computer 3
Cards: Player 42 - Computer 10
No cards on the table
Score: Player 20 - Computer 3
Cards: Player 42 - Computer 10
Game Over
Indigo Card Game
Play first?
> yes
Initial cards on the table: K♦ 8♠ 3♣ 6♣ 

4 cards on the table, and the top card is 6♣
Cards in hand: 1)8♥ 2)9♣ 3)J♦ 4)10♣ 5)2♣ 6)7♥ 
Choose a card to play (1-6):
> 2

Player wins cards
Score: Player 1 - Computer 0
Cards: Player 5 - Computer 0
No cards on the table
4♦ 2♦ 9♦ 7♠ 3♥ 4♣ 
Computer plays 2♦

1 cards on the table, and the top card is 2♦
Cards in hand: 1)8♥ 2)J♦ 3)10♣ 4)2♣ 5)7♥ 
Choose a card to play (1-5):
> 2

Player wins cards
Score: Player 2 - Computer 0
Cards: Player 7 - Computer 0
No cards on the table
4♦ 9♦ 7♠ 3♥ 4♣ 
Computer plays 9♦

1 cards on the table, and the top card is 9♦
Cards in hand: 1)8♥ 2)10♣ 3)2♣ 4)7♥ 
Choose a card to play (1-4):
> 1

2 cards on the table, and the top card is 8♥
4♦ 7♠ 3♥ 4♣ 
Computer plays 3♥

Computer wins cards
Score: Player 2 - Computer 0
Cards: Player 7 - Computer 3
No cards on the table
Cards in hand: 1)10♣ 2)2♣ 3)7♥ 
Choose a card to play (1-3):
> 3

1 cards on the table, and the top card is 7♥
4♦ 7♠ 4♣ 
Computer plays 7♠

Computer wins cards
Score: Player 2 - Computer 0
Cards: Player 7 - Computer 5
No cards on the table
Cards in hand: 1)10♣ 2)2♣ 
Choose a card to play (1-2):
> 1

1 cards on the table, and the top card is 10♣
4♦ 4♣ 
Computer plays 4♣

Computer wins cards
Score: Player 2 - Computer 1
Cards: Player 7 - Computer 7
No cards on the table
Cards in hand: 1)2♣ 
Choose a card to play (1-1):
> 1

1 cards on the table, and the top card is 2♣
4♦ 
Computer plays 4♦

2 cards on the table, and the top card is 4♦
Cards in hand: 1)A♠ 2)Q♠ 3)K♠ 4)6♦ 5)Q♣ 6)Q♥ 
Choose a card to play (1-6):
> 4

Player wins cards
Score: Player 2 - Computer 1
Cards: Player 10 - Computer 7
No cards on the table
8♦ 5♣ 10♦ 9♠ 4♠ 7♣ 
Computer plays 7♣

1 cards on the table, and the top card is 7♣
Cards in hand: 1)A♠ 2)Q♠ 3)K♠ 4)Q♣ 5)Q♥ 
Choose a card to play (1-5):
> 4

Player wins cards
Score: Player 3 - Computer 1
Cards: Player 12 - Computer 7
No cards on the table
8♦ 5♣ 10♦ 9♠ 4♠ 
Computer plays 8♦

1 cards on the table, and the top card is 8♦
Cards in hand: 1)A♠ 2)Q♠ 3)K♠ 4)Q♥ 
Choose a card to play (1-4):
> 1

2 cards on the table, and the top card is A♠
5♣ 10♦ 9♠ 4♠ 
Computer plays 4♠

Computer wins cards
Score: Player 3 - Computer 2
Cards: Player 12 - Computer 10
No cards on the table
Cards in hand: 1)Q♠ 2)K♠ 3)Q♥ 
Choose a card to play (1-3):
> 1

1 cards on the table, and the top card is Q♠
5♣ 10♦ 9♠ 
Computer plays 9♠

Computer wins cards
Score: Player 3 - Computer 3
Cards: Player 12 - Computer 12
No cards on the table
Cards in hand: 1)K♠ 2)Q♥ 
Choose a card to play (1-2):
> 1

1 cards on the table, and the top card is K♠
5♣ 10♦ 
Computer plays 5♣

2 cards on the table, and the top card is 5♣
Cards in hand: 1)Q♥ 
Choose a card to play (1-1):
> 1

3 cards on the table, and the top card is Q♥
10♦ 
Computer plays 10♦

4 cards on the table, and the top card is 10♦
Cards in hand: 1)3♠ 2)8♣ 3)Q♦ 4)6♠ 5)J♣ 6)5♦ 
Choose a card to play (1-6):
> 3

Player wins cards
Score: Player 7 - Computer 3
Cards: Player 17 - Computer 12
No cards on the table
J♠ 7♦ A♣ 2♥ 10♠ 4♥ 
Computer plays 10♠

1 cards on the table, and the top card is 10♠
Cards in hand: 1)3♠ 2)8♣ 3)6♠ 4)J♣ 5)5♦ 
Choose a card to play (1-5):
> 1

Player wins cards
Score: Player 8 - Computer 3
Cards: Player 19 - Computer 12
No cards on the table
J♠ 7♦ A♣ 2♥ 4♥ 
Computer plays 4♥

1 cards on the table, and the top card is 4♥
Cards in hand: 1)8♣ 2)6♠ 3)J♣ 4)5♦ 
Choose a card to play (1-4):
> 1

2 cards on the table, and the top card is 8♣
J♠ 7♦ A♣ 2♥ 
Computer plays A♣

Computer wins cards
Score: Player 8 - Computer 4
Cards: Player 19 - Computer 15
No cards on the table
Cards in hand: 1)6♠ 2)J♣ 3)5♦ 
Choose a card to play (1-3):
> 2

1 cards on the table, and the top card is J♣
J♠ 7♦ 2♥ 
Computer plays J♠

Computer wins cards
Score: Player 8 - Computer 6
Cards: Player 19 - Computer 17
No cards on the table
Cards in hand: 1)6♠ 2)5♦ 
Choose a card to play (1-2):
> 1

1 cards on the table, and the top card is 6♠
7♦ 2♥ 
Computer plays 2♥

2 cards on the table, and the top card is 2♥
Cards in hand: 1)5♦ 
Choose a card to play (1-1):
> 1

3 cards on the table, and the top card is 5♦
7♦ 
Computer plays 7♦

Computer wins cards
Score: Player 8 - Computer 6
Cards: Player 19 - Computer 21
No cards on the table
Cards in hand: 1)9♥ 2)5♠ 3)10♥ 4)K♣ 5)A♦ 6)K♥ 
Choose a card to play (1-6):
> 5

1 cards on the table, and the top card is A♦
3♦ 6♥ J♥ 2♠ A♥ 5♥ 
Computer plays 3♦

Computer wins cards
Score: Player 8 - Computer 7
Cards: Player 19 - Computer 23
No cards on the table
Cards in hand: 1)9♥ 2)5♠ 3)10♥ 4)K♣ 5)K♥ 
Choose a card to play (1-5):
> 1

1 cards on the table, and the top card is 9♥
6♥ J♥ 2♠ A♥ 5♥ 
Computer plays 5♥

Computer wins cards
Score: Player 8 - Computer 7
Cards: Player 19 - Computer 25
No cards on the table
Cards in hand: 1)5♠ 2)10♥ 3)K♣ 4)K♥ 
Choose a card to play (1-4):
> 2

1 cards on the table, and the top card is 10♥
6♥ J♥ 2♠ A♥ 
Computer plays 6♥

Computer wins cards
Score: Player 8 - Computer 8
Cards: Player 19 - Computer 27
No cards on the table
Cards in hand: 1)5♠ 2)K♣ 3)K♥ 
Choose a card to play (1-3):
> 3

1 cards on the table, and the top card is K♥
J♥ 2♠ A♥ 
Computer plays J♥

Computer wins cards
Score: Player 8 - Computer 10
Cards: Player 19 - Computer 29
No cards on the table
Cards in hand: 1)5♠ 2)K♣ 
Choose a card to play (1-2):
> 1

1 cards on the table, and the top card is 5♠
2♠ A♥ 
Computer plays 2♠

Computer wins cards
Score: Player 8 - Computer 10
Cards: Player 19 - Computer 31
No cards on the table
Cards in hand: 1)K♣ 
Choose a card to play (1-1):
> 1

1 cards on the table, and the top card is K♣
A♥ 
Computer plays A♥

2 cards on the table, and the top card is A♥
Score: Player 8 - Computer 15
Cards: Player 19 - Computer 33
Game Over
Indigo Card Game
Play first?
> yes
Initial cards on the table: 3♠ 6♣ 9♥ 8♣ 

4 cards on the table, and the top card is 8♣
Cards in hand: 1)Q♣ 2)4♥ 3)10♣ 4)J♦ 5)10♠ 6)3♦ 
Choose a card to play (1-6):
> 1

Player wins cards
Score: Player 1 - Computer 0
Cards: Player 5 - Computer 0
No cards on the table
A♠ 6♦ 5♦ 6♠ 2♣ 9♣ 
Computer plays 5♦

1 cards on the table, and the top card is 5♦
Cards in hand: 1)4♥ 2)10♣ 3)J♦ 4)10♠ 5)3♦ 
Choose a card to play (1-5):
> 3

Player wins cards
Score: Player 2 - Computer 0
Cards: Player 7 - Computer 0
No cards on the table
A♠ 6♦ 6♠ 2♣ 9♣ 
Computer plays 2♣

1 cards on the table, and the top card is 2♣
Cards in hand: 1)4♥ 2)10♣ 3)10♠ 4)3♦ 
Choose a card to play (1-4):
> 2

Player wins cards
Score: Player 3 - Computer 0
Cards: Player 9 - Computer 0
No cards on the table
A♠ 6♦ 6♠ 9♣ 
Computer plays A♠

1 cards on the table, and the top card is A♠
Cards in hand: 1)4♥ 2)10♠ 3)3♦ 
Choose a card to play (1-3):
> 2

Player wins cards
Score: Player 5 - Computer 0
Cards: Player 11 - Computer 0
No cards on the table
6♦ 6♠ 9♣ 
Computer plays 6♦

1 cards on the table, and the top card is 6♦
Cards in hand: 1)4♥ 2)3♦ 
Choose a card to play (1-2):
> 2

Player wins cards
Score: Player 5 - Computer 0
Cards: Player 13 - Computer 0
No cards on the table
6♠ 9♣ 
Computer plays 9♣

1 cards on the table, and the top card is 9♣
Cards in hand: 1)4♥ 
Choose a card to play (1-1):
> 1

2 cards on the table, and the top card is 4♥
6♠ 
Computer plays 6♠

3 cards on the table, and the top card is 6♠
Cards in hand: 1)Q♥ 2)7♥ 3)A♣ 4)K♣ 5)9♦ 6)4♣ 
Choose a card to play (1-6):
> 1

4 cards on the table, and the top card is Q♥
J♠ 5♥ 2♥ K♥ A♦ 9♠ 
Computer plays 5♥

Computer wins cards
Score: Player 5 - Computer 1
Cards: Player 13 - Computer 5
No cards on the table
Cards in hand: 1)7♥ 2)A♣ 3)K♣ 4)9♦ 5)4♣ 
Choose a card to play (1-5):
> 1

1 cards on the table, and the top card is 7♥
J♠ 2♥ K♥ A♦ 9♠ 
Computer plays K♥

Computer wins cards
Score: Player 5 - Computer 2
Cards: Player 13 - Computer 7
No cards on the table
Cards in hand: 1)A♣ 2)K♣ 3)9♦ 4)4♣ 
Choose a card to play (1-4):
> 2

1 cards on the table, and the top card is K♣
J♠ 2♥ A♦ 9♠ 
Computer plays 9♠

2 cards on the table, and the top card is 9♠
Cards in hand: 1)A♣ 2)9♦ 3)4♣ 
Choose a card to play (1-3):
> 2

Player wins cards
Score: Player 6 - Computer 2
Cards: Player 16 - Computer 7
No cards on the table
J♠ 2♥ A♦ 
Computer plays 2♥

1 cards on the table, and the top card is 2♥
Cards in hand: 1)A♣ 2)4♣ 
Choose a card to play (1-2):
> 1

2 cards on the table, and the top card is A♣
J♠ A♦ 
Computer plays A♦

Computer wins cards
Score: Player 6 - Computer 4
Cards: Player 16 - Computer 10
No cards on the table
Cards in hand: 1)4♣ 
Choose a card to play (1-1):
> 1

1 cards on the table, and the top card is 4♣
J♠ 
Computer plays J♠

2 cards on the table, and the top card is J♠
Cards in hand: 1)3♥ 2)Q♦ 3)10♦ 4)2♦ 5)4♦ 6)4♠ 
Choose a card to play (1-6):
> 6

Player wins cards
Score: Player 7 - Computer 4
Cards: Player 19 - Computer 10
No cards on the table
J♥ 7♠ 8♥ 8♠ 7♣ 2♠ 
Computer plays 7♠

1 cards on the table, and the top card is 7♠
Cards in hand: 1)3♥ 2)Q♦ 3)10♦ 4)2♦ 5)4♦ 
Choose a card to play (1-5):
> 2

2 cards on the table, and the top card is Q♦
J♥ 8♥ 8♠ 7♣ 2♠ 
Computer plays J♥

3 cards on the table, and the top card is J♥
Cards in hand: 1)3♥ 2)10♦ 3)2♦ 4)4♦ 
Choose a card to play (1-4):
> 1

Player wins cards
Score: Player 9 - Computer 4
Cards: Player 23 - Computer 10
No cards on the table
8♥ 8♠ 7♣ 2♠ 
Computer plays 8♠

1 cards on the table, and the top card is 8♠
Cards in hand: 1)10♦ 2)2♦ 3)4♦ 
Choose a card to play (1-3):
> 1

2 cards on the table, and the top card is 10♦
8♥ 7♣ 2♠ 
Computer plays 8♥

3 cards on the table, and the top card is 8♥
Cards in hand: 1)2♦ 2)4♦ 
Choose a card to play (1-2):
> 1

4 cards on the table, and the top card is 2♦
7♣ 2♠ 
Computer plays 2♠

Computer wins cards
Score: Player 9 - Computer 5
Cards: Player 23 - Computer 15
No cards on the table
Cards in hand: 1)4♦ 
Choose a card to play (1-1):
> 1

1 cards on the table, and the top card is 4♦
7♣ 
Computer plays 7♣

2 cards on the table, and the top card is 7♣
Cards in hand: 1)7♦ 2)A♥ 3)Q♠ 4)8♦ 5)5♣ 6)5♠ 
Choose a card to play (1-6):
> 1

Player wins cards
Score: Player 9 - Computer 5
Cards: Player 26 - Computer 15
No cards on the table
J♣ 3♣ K♦ 10♥ 6♥ K♠ 
Computer plays 10♥

1 cards on the table, and the top card is 10♥
Cards in hand: 1)A♥ 2)Q♠ 3)8♦ 4)5♣ 5)5♠ 
Choose a card to play (1-5):
> 1

Player wins cards
Score: Player 11 - Computer 5
Cards: Player 28 - Computer 15
No cards on the table
J♣ 3♣ K♦ 6♥ K♠ 
Computer plays J♣

1 cards on the table, and the top card is J♣
Cards in hand: 1)Q♠ 2)8♦ 3)5♣ 4)5♠ 
Choose a card to play (1-4):
> 3

Player wins cards
Score: Player 12 - Computer 5
Cards: Player 30 - Computer 15
No cards on the table
3♣ K♦ 6♥ K♠ 
Computer plays K♦

1 cards on the table, and the top card is K♦
Cards in hand: 1)Q♠ 2)8♦ 3)5♠ 
Choose a card to play (1-3):
> 2

Player wins cards
Score: Player 13 - Computer 5
Cards: Player 32 - Computer 15
No cards on the table
3♣ 6♥ K♠ 
Computer plays 3♣

1 cards on the table, and the top card is 3♣
Cards in hand: 1)Q♠ 2)5♠ 
Choose a card to play (1-2):
> 1

2 cards on the table, and the top card is Q♠
6♥ K♠ 
Computer plays K♠

Computer wins cards
Score: Player 13 - Computer 7
Cards: Player 32 - Computer 18
No cards on the table
Cards in hand: 1)5♠ 
Choose a card to play (1-1):
> 1

1 cards on the table, and the top card is 5♠
6♥ 
Computer plays 6♥

2 cards on the table, and the top card is 6♥
Score: Player 16 - Computer 7
Cards: Player 32 - Computer 20
Game Over
?[1;31m
Start test 2?[0m
Indigo Card Game
Play first?
> Hello
Play first?
> me
Play first?
> 0
Play first?
> play
Play first?
> yes
Initial cards on the table: K♠ A♥ 9♦ 2♠ 

4 cards on the table, and the top card is 2♠
Cards in hand: 1)2♦ 2)Q♠ 3)A♠ 4)7♦ 5)3♠ 6)2♥ 
Choose a card to play (1-6):
> exit
Game Over
?[1;31m
Start test 3?[0m
Indigo Card Game
Play first?
> no
Initial cards on the table: A♠ 9♣ 6♠ 4♥ 

4 cards on the table, and the top card is 4♥
3♦ 2♦ 8♥ 7♠ Q♠ J♥ 
Computer plays 8♥

Computer wins cards
Score: Player 0 - Computer 1
Cards: Player 0 - Computer 5
No cards on the table
Cards in hand: 1)Q♦ 2)2♥ 3)J♣ 4)5♣ 5)3♣ 6)4♠ 
Choose a card to play (1-6):
> 3

1 cards on the table, and the top card is J♣
3♦ 2♦ 7♠ Q♠ J♥ 
Computer plays J♥

Computer wins cards
Score: Player 0 - Computer 3
Cards: Player 0 - Computer 7
No cards on the table
Cards in hand: 1)Q♦ 2)2♥ 3)5♣ 4)3♣ 5)4♠ 
Choose a card to play (1-5):
> 3

1 cards on the table, and the top card is 5♣
3♦ 2♦ 7♠ Q♠ 
Computer plays 7♠

2 cards on the table, and the top card is 7♠
Cards in hand: 1)Q♦ 2)2♥ 3)3♣ 4)4♠ 
Choose a card to play (1-4):
> 1

3 cards on the table, and the top card is Q♦
3♦ 2♦ Q♠ 
Computer plays 2♦

Computer wins cards
Score: Player 0 - Computer 4
Cards: Player 0 - Computer 11
No cards on the table
Cards in hand: 1)2♥ 2)3♣ 3)4♠ 
Choose a card to play (1-3):
> 1

1 cards on the table, and the top card is 2♥
3♦ Q♠ 
Computer plays 3♦

2 cards on the table, and the top card is 3♦
Cards in hand: 1)3♣ 2)4♠ 
Choose a card to play (1-2):
> 1

Player wins cards
Score: Player 0 - Computer 4
Cards: Player 3 - Computer 11
No cards on the table
Q♠ 
Computer plays Q♠

1 cards on the table, and the top card is Q♠
Cards in hand: 1)4♠ 
Choose a card to play (1-1):
> 1

Player wins cards
Score: Player 1 - Computer 4
Cards: Player 5 - Computer 11
No cards on the table
9♦ 4♦ A♣ 9♥ K♥ 10♠ 
Computer plays 9♦

1 cards on the table, and the top card is 9♦
Cards in hand: 1)Q♥ 2)10♥ 3)2♠ 4)J♠ 5)6♥ 6)3♠ 
Choose a card to play (1-6):
> 3

2 cards on the table, and the top card is 2♠
4♦ A♣ 9♥ K♥ 10♠ 
Computer plays 10♠

Computer wins cards
Score: Player 1 - Computer 5
Cards: Player 5 - Computer 14
No cards on the table
Cards in hand: 1)Q♥ 2)10♥ 3)J♠ 4)6♥ 5)3♠ 
Choose a card to play (1-5):
> 3

1 cards on the table, and the top card is J♠
4♦ A♣ 9♥ K♥ 
Computer plays 9♥

2 cards on the table, and the top card is 9♥
Cards in hand: 1)Q♥ 2)10♥ 3)6♥ 4)3♠ 
Choose a card to play (1-4):
> 1

Player wins cards
Score: Player 3 - Computer 5
Cards: Player 8 - Computer 14
No cards on the table
4♦ A♣ K♥ 
Computer plays K♥

1 cards on the table, and the top card is K♥
Cards in hand: 1)10♥ 2)6♥ 3)3♠ 
Choose a card to play (1-3):
> 1

Player wins cards
Score: Player 5 - Computer 5
Cards: Player 10 - Computer 14
No cards on the table
4♦ A♣ 
Computer plays 4♦

1 cards on the table, and the top card is 4♦
Cards in hand: 1)6♥ 2)3♠ 
Choose a card to play (1-2):
> 1

2 cards on the table, and the top card is 6♥
A♣ 
Computer plays A♣

3 cards on the table, and the top card is A♣
Cards in hand: 1)3♠ 
Choose a card to play (1-1):
> 1

4 cards on the table, and the top card is 3♠
A♦ 5♦ 6♣ 7♣ 2♣ 10♣ 
Computer plays 2♣

5 cards on the table, and the top card is 2♣
Cards in hand: 1)Q♣ 2)7♥ 3)J♦ 4)K♣ 5)3♥ 6)4♣ 
Choose a card to play (1-6):
> 2

6 cards on the table, and the top card is 7♥
A♦ 5♦ 6♣ 7♣ 10♣ 
Computer plays 7♣

Computer wins cards
Score: Player 5 - Computer 6
Cards: Player 10 - Computer 21
No cards on the table
Cards in hand: 1)Q♣ 2)J♦ 3)K♣ 4)3♥ 5)4♣ 
Choose a card to play (1-5):
> 1

1 cards on the table, and the top card is Q♣
A♦ 5♦ 6♣ 10♣ 
Computer plays 6♣

Computer wins cards
Score: Player 5 - Computer 7
Cards: Player 10 - Computer 23
No cards on the table
Cards in hand: 1)J♦ 2)K♣ 3)3♥ 4)4♣ 
Choose a card to play (1-4):
> 2

1 cards on the table, and the top card is K♣
A♦ 5♦ 10♣ 
Computer plays 10♣

Computer wins cards
Score: Player 5 - Computer 9
Cards: Player 10 - Computer 25
No cards on the table
Cards in hand: 1)J♦ 2)3♥ 3)4♣ 
Choose a card to play (1-3):
> 1

1 cards on the table, and the top card is J♦
A♦ 5♦ 
Computer plays A♦

Computer wins cards
Score: Player 5 - Computer 11
Cards: Player 10 - Computer 27
No cards on the table
Cards in hand: 1)3♥ 2)4♣ 
Choose a card to play (1-2):
> 1

1 cards on the table, and the top card is 3♥
5♦ 
Computer plays 5♦

2 cards on the table, and the top card is 5♦
Cards in hand: 1)4♣ 
Choose a card to play (1-1):
> 1

3 cards on the table, and the top card is 4♣
8♠ 6♦ A♥ 5♠ 8♦ 7♦ 
Computer plays 7♦

4 cards on the table, and the top card is 7♦
Cards in hand: 1)K♦ 2)10♦ 3)K♠ 4)8♣ 5)5♥ 6)9♠ 
Choose a card to play (1-6):
> 3

5 cards on the table, and the top card is K♠
8♠ 6♦ A♥ 5♠ 8♦ 
Computer plays 5♠

Computer wins cards
Score: Player 5 - Computer 12
Cards: Player 10 - Computer 33
No cards on the table
Cards in hand: 1)K♦ 2)10♦ 3)8♣ 4)5♥ 5)9♠ 
Choose a card to play (1-5):
> 1

1 cards on the table, and the top card is K♦
8♠ 6♦ A♥ 8♦ 
Computer plays 8♦

Computer wins cards
Score: Player 5 - Computer 13
Cards: Player 10 - Computer 35
No cards on the table
Cards in hand: 1)10♦ 2)8♣ 3)5♥ 4)9♠ 
Choose a card to play (1-4):
> 1

1 cards on the table, and the top card is 10♦
8♠ 6♦ A♥ 
Computer plays 6♦

Computer wins cards
Score: Player 5 - Computer 14
Cards: Player 10 - Computer 37
No cards on the table
Cards in hand: 1)8♣ 2)5♥ 3)9♠ 
Choose a card to play (1-3):
> 1

1 cards on the table, and the top card is 8♣
8♠ A♥ 
Computer plays 8♠

Computer wins cards
Score: Player 5 - Computer 14
Cards: Player 10 - Computer 39
No cards on the table
Cards in hand: 1)5♥ 2)9♠ 
Choose a card to play (1-2):
> 1

1 cards on the table, and the top card is 5♥
A♥ 
Computer plays A♥

Computer wins cards
Score: Player 5 - Computer 15
Cards: Player 10 - Computer 41
No cards on the table
Cards in hand: 1)9♠ 
Choose a card to play (1-1):
> 1

1 cards on the table, and the top card is 9♠
Score: Player 5 - Computer 18
Cards: Player 10 - Computer 42
Game Over
Indigo Card Game
Play first?
> no
Initial cards on the table: 2♣ 9♦ 4♠ 5♠ 

4 cards on the table, and the top card is 5♠
4♦ 2♠ 6♠ 4♥ 5♦ K♥ 
Computer plays 2♠

Computer wins cards
Score: Player 0 - Computer 0
Cards: Player 0 - Computer 5
No cards on the table
Cards in hand: 1)A♥ 2)3♣ 3)8♥ 4)2♥ 5)J♦ 6)K♣ 
Choose a card to play (1-6):
> 1

1 cards on the table, and the top card is A♥
4♦ 6♠ 4♥ 5♦ K♥ 
Computer plays 4♥

Computer wins cards
Score: Player 0 - Computer 1
Cards: Player 0 - Computer 7
No cards on the table
Cards in hand: 1)3♣ 2)8♥ 3)2♥ 4)J♦ 5)K♣ 
Choose a card to play (1-5):
> 2

1 cards on the table, and the top card is 8♥
4♦ 6♠ 5♦ K♥ 
Computer plays K♥

Computer wins cards
Score: Player 0 - Computer 2
Cards: Player 0 - Computer 9
No cards on the table
Cards in hand: 1)3♣ 2)2♥ 3)J♦ 4)K♣ 
Choose a card to play (1-4):
> 1

1 cards on the table, and the top card is 3♣
4♦ 6♠ 5♦ 
Computer plays 5♦

2 cards on the table, and the top card is 5♦
Cards in hand: 1)2♥ 2)J♦ 3)K♣ 
Choose a card to play (1-3):
> 1

3 cards on the table, and the top card is 2♥
4♦ 6♠ 
Computer plays 4♦

4 cards on the table, and the top card is 4♦
Cards in hand: 1)J♦ 2)K♣ 
Choose a card to play (1-2):
> 1

Player wins cards
Score: Player 1 - Computer 2
Cards: Player 5 - Computer 9
No cards on the table
6♠ 
Computer plays 6♠

1 cards on the table, and the top card is 6♠
Cards in hand: 1)K♣ 
Choose a card to play (1-1):
> 1

2 cards on the table, and the top card is K♣
10♣ 10♥ A♠ 2♦ 9♠ 10♦ 
Computer plays 10♣

Computer wins cards
Score: Player 1 - Computer 4
Cards: Player 5 - Computer 12
No cards on the table
Cards in hand: 1)A♣ 2)3♦ 3)Q♦ 4)8♣ 5)7♥ 6)Q♥ 
Choose a card to play (1-6):
> 5

1 cards on the table, and the top card is 7♥
10♥ A♠ 2♦ 9♠ 10♦ 
Computer plays 10♥

Computer wins cards
Score: Player 1 - Computer 5
Cards: Player 5 - Computer 14
No cards on the table
Cards in hand: 1)A♣ 2)3♦ 3)Q♦ 4)8♣ 5)Q♥ 
Choose a card to play (1-5):
> 2

1 cards on the table, and the top card is 3♦
A♠ 2♦ 9♠ 10♦ 
Computer plays 10♦

Computer wins cards
Score: Player 1 - Computer 6
Cards: Player 5 - Computer 16
No cards on the table
Cards in hand: 1)A♣ 2)Q♦ 3)8♣ 4)Q♥ 
Choose a card to play (1-4):
> 1

1 cards on the table, and the top card is A♣
A♠ 2♦ 9♠ 
Computer plays A♠

Computer wins cards
Score: Player 1 - Computer 8
Cards: Player 5 - Computer 18
No cards on the table
Cards in hand: 1)Q♦ 2)8♣ 3)Q♥ 
Choose a card to play (1-3):
> 1

1 cards on the table, and the top card is Q♦
2♦ 9♠ 
Computer plays 2♦

Computer wins cards
Score: Player 1 - Computer 9
Cards: Player 5 - Computer 20
No cards on the table
Cards in hand: 1)8♣ 2)Q♥ 
Choose a card to play (1-2):
> 1

1 cards on the table, and the top card is 8♣
9♠ 
Computer plays 9♠

2 cards on the table, and the top card is 9♠
Cards in hand: 1)Q♥ 
Choose a card to play (1-1):
> 1

3 cards on the table, and the top card is Q♥
J♣ J♥ 9♥ K♦ J♠ 6♦ 
Computer plays 9♥

Computer wins cards
Score: Player 1 - Computer 10
Cards: Player 5 - Computer 24
No cards on the table
Cards in hand: 1)7♣ 2)5♣ 3)10♠ 4)A♦ 5)Q♠ 6)6♣ 
Choose a card to play (1-6):
> 3

1 cards on the table, and the top card is 10♠
J♣ J♥ K♦ J♠ 6♦ 
Computer plays J♠

Computer wins cards
Score: Player 1 - Computer 12
Cards: Player 5 - Computer 26
No cards on the table
Cards in hand: 1)7♣ 2)5♣ 3)A♦ 4)Q♠ 5)6♣ 
Choose a card to play (1-5):
> 1

1 cards on the table, and the top card is 7♣
J♣ J♥ K♦ 6♦ 
Computer plays J♣

Computer wins cards
Score: Player 1 - Computer 13
Cards: Player 5 - Computer 28
No cards on the table
Cards in hand: 1)5♣ 2)A♦ 3)Q♠ 4)6♣ 
Choose a card to play (1-4):
> 1

1 cards on the table, and the top card is 5♣
J♥ K♦ 6♦ 
Computer plays K♦

2 cards on the table, and the top card is K♦
Cards in hand: 1)A♦ 2)Q♠ 3)6♣ 
Choose a card to play (1-3):
> 1

Player wins cards
Score: Player 3 - Computer 13
Cards: Player 8 - Computer 28
No cards on the table
J♥ 6♦ 
Computer plays 6♦

1 cards on the table, and the top card is 6♦
Cards in hand: 1)Q♠ 2)6♣ 
Choose a card to play (1-2):
> 1

2 cards on the table, and the top card is Q♠
J♥ 
Computer plays J♥

3 cards on the table, and the top card is J♥
Cards in hand: 1)6♣ 
Choose a card to play (1-1):
> 1

4 cards on the table, and the top card is 6♣
4♣ 9♣ 5♥ 8♦ 8♠ K♠ 
Computer plays 4♣

Computer wins cards
Score: Player 3 - Computer 15
Cards: Player 8 - Computer 33
No cards on the table
Cards in hand: 1)7♦ 2)Q♣ 3)7♠ 4)3♥ 5)3♠ 6)6♥ 
Choose a card to play (1-6):
> 3

1 cards on the table, and the top card is 7♠
9♣ 5♥ 8♦ 8♠ K♠ 
Computer plays 8♠

Computer wins cards
Score: Player 3 - Computer 15
Cards: Player 8 - Computer 35
No cards on the table
Cards in hand: 1)7♦ 2)Q♣ 3)3♥ 4)3♠ 5)6♥ 
Choose a card to play (1-5):
> 3

1 cards on the table, and the top card is 3♥
9♣ 5♥ 8♦ K♠ 
Computer plays 5♥

Computer wins cards
Score: Player 3 - Computer 15
Cards: Player 8 - Computer 37
No cards on the table
Cards in hand: 1)7♦ 2)Q♣ 3)3♠ 4)6♥ 
Choose a card to play (1-4):
> 1

1 cards on the table, and the top card is 7♦
9♣ 8♦ K♠ 
Computer plays 8♦

Computer wins cards
Score: Player 3 - Computer 15
Cards: Player 8 - Computer 39
No cards on the table
Cards in hand: 1)Q♣ 2)3♠ 3)6♥ 
Choose a card to play (1-3):
> 1

1 cards on the table, and the top card is Q♣
9♣ K♠ 
Computer plays 9♣

Computer wins cards
Score: Player 3 - Computer 16
Cards: Player 8 - Computer 41
No cards on the table
Cards in hand: 1)3♠ 2)6♥ 
Choose a card to play (1-2):
> 1

1 cards on the table, and the top card is 3♠
K♠ 
Computer plays K♠

Computer wins cards
Score: Player 3 - Computer 17
Cards: Player 8 - Computer 43
No cards on the table
Cards in hand: 1)6♥ 
Choose a card to play (1-1):
> 1

1 cards on the table, and the top card is 6♥
Score: Player 3 - Computer 20
Cards: Player 8 - Computer 44
Game Over
Indigo Card Game
Play first?
> no
Initial cards on the table: J♥ 3♠ A♠ 10♦ 

4 cards on the table, and the top card is 10♦
3♥ 4♣ K♦ 9♥ 8♥ A♣ 
Computer plays K♦

Computer wins cards
Score: Player 0 - Computer 4
Cards: Player 0 - Computer 5
No cards on the table
Cards in hand: 1)8♠ 2)3♦ 3)K♥ 4)4♥ 5)8♣ 6)7♥ 
Choose a card to play (1-6):
> 3

1 cards on the table, and the top card is K♥
3♥ 4♣ 9♥ 8♥ A♣ 
Computer plays 3♥

Computer wins cards
Score: Player 0 - Computer 5
Cards: Player 0 - Computer 7
No cards on the table
Cards in hand: 1)8♠ 2)3♦ 3)4♥ 4)8♣ 5)7♥ 
Choose a card to play (1-5):
> 3

1 cards on the table, and the top card is 4♥
4♣ 9♥ 8♥ A♣ 
Computer plays 9♥

Computer wins cards
Score: Player 0 - Computer 5
Cards: Player 0 - Computer 9
No cards on the table
Cards in hand: 1)8♠ 2)3♦ 3)8♣ 4)7♥ 
Choose a card to play (1-4):
> 1

1 cards on the table, and the top card is 8♠
4♣ 8♥ A♣ 
Computer plays 8♥

Computer wins cards
Score: Player 0 - Computer 5
Cards: Player 0 - Computer 11
No cards on the table
Cards in hand: 1)3♦ 2)8♣ 3)7♥ 
Choose a card to play (1-3):
> 1

1 cards on the table, and the top card is 3♦
4♣ A♣ 
Computer plays 4♣

2 cards on the table, and the top card is 4♣
Cards in hand: 1)8♣ 2)7♥ 
Choose a card to play (1-2):
> 1

Player wins cards
Score: Player 0 - Computer 5
Cards: Player 3 - Computer 11
No cards on the table
A♣ 
Computer plays A♣

1 cards on the table, and the top card is A♣
Cards in hand: 1)7♥ 
Choose a card to play (1-1):
> 1

2 cards on the table, and the top card is 7♥
7♣ 10♠ A♦ 3♣ 5♦ Q♦ 
Computer plays 7♣

Computer wins cards
Score: Player 0 - Computer 6
Cards: Player 3 - Computer 14
No cards on the table
Cards in hand: 1)Q♥ 2)J♠ 3)2♠ 4)9♦ 5)K♣ 6)J♣ 
Choose a card to play (1-6):
> 2

1 cards on the table, and the top card is J♠
10♠ A♦ 3♣ 5♦ Q♦ 
Computer plays 10♠

Computer wins cards
Score: Player 0 - Computer 8
Cards: Player 3 - Computer 16
No cards on the table
Cards in hand: 1)Q♥ 2)2♠ 3)9♦ 4)K♣ 5)J♣ 
Choose a card to play (1-5):
> 4

1 cards on the table, and the top card is K♣
A♦ 3♣ 5♦ Q♦ 
Computer plays 3♣

Computer wins cards
Score: Player 0 - Computer 9
Cards: Player 3 - Computer 18
No cards on the table
Cards in hand: 1)Q♥ 2)2♠ 3)9♦ 4)J♣ 
Choose a card to play (1-4):
> 1

1 cards on the table, and the top card is Q♥
A♦ 5♦ Q♦ 
Computer plays Q♦

Computer wins cards
Score: Player 0 - Computer 11
Cards: Player 3 - Computer 20
No cards on the table
Cards in hand: 1)2♠ 2)9♦ 3)J♣ 
Choose a card to play (1-3):
> 1

1 cards on the table, and the top card is 2♠
A♦ 5♦ 
Computer plays 5♦

2 cards on the table, and the top card is 5♦
Cards in hand: 1)9♦ 2)J♣ 
Choose a card to play (1-2):
> 1

Player wins cards
Score: Player 0 - Computer 11
Cards: Player 6 - Computer 20
No cards on the table
A♦ 
Computer plays A♦

1 cards on the table, and the top card is A♦
Cards in hand: 1)J♣ 
Choose a card to play (1-1):
> 1

2 cards on the table, and the top card is J♣
4♠ A♥ 6♠ 10♣ 5♥ 9♠ 
Computer plays 10♣

Computer wins cards
Score: Player 0 - Computer 14
Cards: Player 6 - Computer 23
No cards on the table
Cards in hand: 1)5♣ 2)J♦ 3)2♥ 4)4♦ 5)Q♠ 6)7♦ 
Choose a card to play (1-6):
> 2

1 cards on the table, and the top card is J♦
4♠ A♥ 6♠ 5♥ 9♠ 
Computer plays 4♠

2 cards on the table, and the top card is 4♠
Cards in hand: 1)5♣ 2)2♥ 3)4♦ 4)Q♠ 5)7♦ 
Choose a card to play (1-5):
> 3

Player wins cards
Score: Player 1 - Computer 14
Cards: Player 9 - Computer 23
No cards on the table
A♥ 6♠ 5♥ 9♠ 
Computer plays A♥

1 cards on the table, and the top card is A♥
Cards in hand: 1)5♣ 2)2♥ 3)Q♠ 4)7♦ 
Choose a card to play (1-4):
> 1

2 cards on the table, and the top card is 5♣
6♠ 5♥ 9♠ 
Computer plays 5♥

Computer wins cards
Score: Player 1 - Computer 15
Cards: Player 9 - Computer 26
No cards on the table
Cards in hand: 1)2♥ 2)Q♠ 3)7♦ 
Choose a card to play (1-3):
> 1

1 cards on the table, and the top card is 2♥
6♠ 9♠ 
Computer plays 6♠

2 cards on the table, and the top card is 6♠
Cards in hand: 1)Q♠ 2)7♦ 
Choose a card to play (1-2):
> 1

Player wins cards
Score: Player 2 - Computer 15
Cards: Player 12 - Computer 26
No cards on the table
9♠ 
Computer plays 9♠

1 cards on the table, and the top card is 9♠
Cards in hand: 1)7♦ 
Choose a card to play (1-1):
> 1

2 cards on the table, and the top card is 7♦
2♣ 2♦ 8♦ 5♠ Q♣ 6♣ 
Computer plays 2♦

Computer wins cards
Score: Player 2 - Computer 15
Cards: Player 12 - Computer 29
No cards on the table
Cards in hand: 1)6♦ 2)K♠ 3)10♥ 4)6♥ 5)9♣ 6)7♠ 
Choose a card to play (1-6):
> 2

1 cards on the table, and the top card is K♠
2♣ 8♦ 5♠ Q♣ 6♣ 
Computer plays 5♠

Computer wins cards
Score: Player 2 - Computer 16
Cards: Player 12 - Computer 31
No cards on the table
Cards in hand: 1)6♦ 2)10♥ 3)6♥ 4)9♣ 5)7♠ 
Choose a card to play (1-5):
> 2

1 cards on the table, and the top card is 10♥
2♣ 8♦ Q♣ 6♣ 
Computer plays Q♣

2 cards on the table, and the top card is Q♣
Cards in hand: 1)6♦ 2)6♥ 3)9♣ 4)7♠ 
Choose a card to play (1-4):
> 1

3 cards on the table, and the top card is 6♦
2♣ 8♦ 6♣ 
Computer plays 8♦

Computer wins cards
Score: Player 2 - Computer 18
Cards: Player 12 - Computer 35
No cards on the table
Cards in hand: 1)6♥ 2)9♣ 3)7♠ 
Choose a card to play (1-3):
> 1

1 cards on the table, and the top card is 6♥
2♣ 6♣ 
Computer plays 6♣

Computer wins cards
Score: Player 2 - Computer 18
Cards: Player 12 - Computer 37
No cards on the table
Cards in hand: 1)9♣ 2)7♠ 
Choose a card to play (1-2):
> 1

1 cards on the table, and the top card is 9♣
2♣ 
Computer plays 2♣

Computer wins cards
Score: Player 2 - Computer 18
Cards: Player 12 - Computer 39
No cards on the table
Cards in hand: 1)7♠ 
Choose a card to play (1-1):
> 1

1 cards on the table, and the top card is 7♠
Score: Player 2 - Computer 21
Cards: Player 12 - Computer 40
Game Over
Indigo Card Game
Play first?
> no
Initial cards on the table: 7♣ 7♦ 3♥ Q♣ 

4 cards on the table, and the top card is Q♣
6♦ 3♠ 9♠ 6♠ A♥ 7♥ 
Computer plays 9♠

5 cards on the table, and the top card is 9♠
Cards in hand: 1)3♣ 2)8♥ 3)A♦ 4)K♠ 5)9♣ 6)7♠ 
Choose a card to play (1-6):
> 4

Player wins cards
Score: Player 2 - Computer 0
Cards: Player 6 - Computer 0
No cards on the table
6♦ 3♠ 6♠ A♥ 7♥ 
Computer plays 6♠

1 cards on the table, and the top card is 6♠
Cards in hand: 1)3♣ 2)8♥ 3)A♦ 4)9♣ 5)7♠ 
Choose a card to play (1-5):
> 1

2 cards on the table, and the top card is 3♣
6♦ 3♠ A♥ 7♥ 
Computer plays 3♠

Computer wins cards
Score: Player 2 - Computer 0
Cards: Player 6 - Computer 3
No cards on the table
Cards in hand: 1)8♥ 2)A♦ 3)9♣ 4)7♠ 
Choose a card to play (1-4):
> 1

1 cards on the table, and the top card is 8♥
6♦ A♥ 7♥ 
Computer plays 7♥

Computer wins cards
Score: Player 2 - Computer 0
Cards: Player 6 - Computer 5
No cards on the table
Cards in hand: 1)A♦ 2)9♣ 3)7♠ 
Choose a card to play (1-3):
> 1

1 cards on the table, and the top card is A♦
6♦ A♥ 
Computer plays 6♦

Computer wins cards
Score: Player 2 - Computer 1
Cards: Player 6 - Computer 7
No cards on the table
Cards in hand: 1)9♣ 2)7♠ 
Choose a card to play (1-2):
> 1

1 cards on the table, and the top card is 9♣
A♥ 
Computer plays A♥

2 cards on the table, and the top card is A♥
Cards in hand: 1)7♠ 
Choose a card to play (1-1):
> 1

3 cards on the table, and the top card is 7♠
K♥ K♣ 10♥ 5♣ 2♥ 2♦ 
Computer plays 5♣

4 cards on the table, and the top card is 5♣
Cards in hand: 1)8♣ 2)9♥ 3)4♥ 4)J♠ 5)J♦ 6)Q♥ 
Choose a card to play (1-6):
> 2

5 cards on the table, and the top card is 9♥
K♥ K♣ 10♥ 2♥ 2♦ 
Computer plays 2♥

Computer wins cards
Score: Player 2 - Computer 2
Cards: Player 6 - Computer 13
No cards on the table
Cards in hand: 1)8♣ 2)4♥ 3)J♠ 4)J♦ 5)Q♥ 
Choose a card to play (1-5):
> 2

1 cards on the table, and the top card is 4♥
K♥ K♣ 10♥ 2♦ 
Computer plays K♥

Computer wins cards
Score: Player 2 - Computer 3
Cards: Player 6 - Computer 15
No cards on the table
Cards in hand: 1)8♣ 2)J♠ 3)J♦ 4)Q♥ 
Choose a card to play (1-4):
> 2

1 cards on the table, and the top card is J♠
K♣ 10♥ 2♦ 
Computer plays 10♥

2 cards on the table, and the top card is 10♥
Cards in hand: 1)8♣ 2)J♦ 3)Q♥ 
Choose a card to play (1-3):
> 1

3 cards on the table, and the top card is 8♣
K♣ 2♦ 
Computer plays K♣

Computer wins cards
Score: Player 2 - Computer 6
Cards: Player 6 - Computer 19
No cards on the table
Cards in hand: 1)J♦ 2)Q♥ 
Choose a card to play (1-2):
> 1

1 cards on the table, and the top card is J♦
2♦ 
Computer plays 2♦

Computer wins cards
Score: Player 2 - Computer 7
Cards: Player 6 - Computer 21
No cards on the table
Cards in hand: 1)Q♥ 
Choose a card to play (1-1):
> 1

1 cards on the table, and the top card is Q♥
A♠ 8♠ Q♦ A♣ 6♥ 4♣ 
Computer plays 6♥

Computer wins cards
Score: Player 2 - Computer 8
Cards: Player 6 - Computer 23
No cards on the table
Cards in hand: 1)5♥ 2)2♣ 3)10♠ 4)8♦ 5)9♦ 6)J♥ 
Choose a card to play (1-6):
> 1

1 cards on the table, and the top card is 5♥
A♠ 8♠ Q♦ A♣ 4♣ 
Computer plays 4♣

2 cards on the table, and the top card is 4♣
Cards in hand: 1)2♣ 2)10♠ 3)8♦ 4)9♦ 5)J♥ 
Choose a card to play (1-5):
> 3

3 cards on the table, and the top card is 8♦
A♠ 8♠ Q♦ A♣ 
Computer plays Q♦

Computer wins cards
Score: Player 2 - Computer 9
Cards: Player 6 - Computer 27
No cards on the table
Cards in hand: 1)2♣ 2)10♠ 3)9♦ 4)J♥ 
Choose a card to play (1-4):
> 1

1 cards on the table, and the top card is 2♣
A♠ 8♠ A♣ 
Computer plays A♣

Computer wins cards
Score: Player 2 - Computer 10
Cards: Player 6 - Computer 29
No cards on the table
Cards in hand: 1)10♠ 2)9♦ 3)J♥ 
Choose a card to play (1-3):
> 1

1 cards on the table, and the top card is 10♠
A♠ 8♠ 
Computer plays A♠

Computer wins cards
Score: Player 2 - Computer 12
Cards: Player 6 - Computer 31
No cards on the table
Cards in hand: 1)9♦ 2)J♥ 
Choose a card to play (1-2):
> 1

1 cards on the table, and the top card is 9♦
8♠ 
Computer plays 8♠

2 cards on the table, and the top card is 8♠
Cards in hand: 1)J♥ 
Choose a card to play (1-1):
> 1

3 cards on the table, and the top card is J♥
Q♠ 10♣ 2♠ 10♦ 5♠ K♦ 
Computer plays Q♠

4 cards on the table, and the top card is Q♠
Cards in hand: 1)6♣ 2)4♠ 3)3♦ 4)4♦ 5)5♦ 6)J♣ 
Choose a card to play (1-6):
> 3

5 cards on the table, and the top card is 3♦
10♣ 2♠ 10♦ 5♠ K♦ 
Computer plays 10♦

Computer wins cards
Score: Player 2 - Computer 15
Cards: Player 6 - Computer 37
No cards on the table
Cards in hand: 1)6♣ 2)4♠ 3)4♦ 4)5♦ 5)J♣ 
Choose a card to play (1-5):
> 3

1 cards on the table, and the top card is 4♦
10♣ 2♠ 5♠ K♦ 
Computer plays K♦

Computer wins cards
Score: Player 2 - Computer 16
Cards: Player 6 - Computer 39
No cards on the table
Cards in hand: 1)6♣ 2)4♠ 3)5♦ 4)J♣ 
Choose a card to play (1-4):
> 1

1 cards on the table, and the top card is 6♣
10♣ 2♠ 5♠ 
Computer plays 10♣

Computer wins cards
Score: Player 2 - Computer 17
Cards: Player 6 - Computer 41
No cards on the table
Cards in hand: 1)4♠ 2)5♦ 3)J♣ 
Choose a card to play (1-3):
> 1

1 cards on the table, and the top card is 4♠
2♠ 5♠ 
Computer plays 5♠

Computer wins cards
Score: Player 2 - Computer 17
Cards: Player 6 - Computer 43
No cards on the table
Cards in hand: 1)5♦ 2)J♣ 
Choose a card to play (1-2):
> 1

1 cards on the table, and the top card is 5♦
2♠ 
Computer plays 2♠

2 cards on the table, and the top card is 2♠
Cards in hand: 1)J♣ 
Choose a card to play (1-1):
> 1

3 cards on the table, and the top card is J♣
Score: Player 2 - Computer 21
Cards: Player 6 - Computer 46
Game Over
Indigo Card Game
Play first?
> no
Initial cards on the table: 7♦ K♥ K♦ A♠ 

4 cards on the table, and the top card is A♠
3♣ A♣ 5♣ 10♣ 4♦ 9♠ 
Computer plays 9♠

Computer wins cards
Score: Player 0 - Computer 3
Cards: Player 0 - Computer 5
No cards on the table
Cards in hand: 1)Q♣ 2)2♥ 3)Q♦ 4)A♥ 5)J♦ 6)9♦ 
Choose a card to play (1-6):
> 2

1 cards on the table, and the top card is 2♥
3♣ A♣ 5♣ 10♣ 4♦ 
Computer plays 10♣

2 cards on the table, and the top card is 10♣
Cards in hand: 1)Q♣ 2)Q♦ 3)A♥ 4)J♦ 5)9♦ 
Choose a card to play (1-5):
> 2

3 cards on the table, and the top card is Q♦
3♣ A♣ 5♣ 4♦ 
Computer plays 4♦

Computer wins cards
Score: Player 0 - Computer 5
Cards: Player 0 - Computer 9
No cards on the table
Cards in hand: 1)Q♣ 2)A♥ 3)J♦ 4)9♦ 
Choose a card to play (1-4):
> 3

1 cards on the table, and the top card is J♦
3♣ A♣ 5♣ 
Computer plays 5♣

2 cards on the table, and the top card is 5♣
Cards in hand: 1)Q♣ 2)A♥ 3)9♦ 
Choose a card to play (1-3):
> 1

Player wins cards
Score: Player 2 - Computer 5
Cards: Player 3 - Computer 9
No cards on the table
3♣ A♣ 
Computer plays 3♣

1 cards on the table, and the top card is 3♣
Cards in hand: 1)A♥ 2)9♦ 
Choose a card to play (1-2):
> 1

2 cards on the table, and the top card is A♥
A♣ 
Computer plays A♣

Computer wins cards
Score: Player 2 - Computer 7
Cards: Player 3 - Computer 12
No cards on the table
Cards in hand: 1)9♦ 
Choose a card to play (1-1):
> 1

1 cards on the table, and the top card is 9♦
J♠ 3♠ 6♦ 7♠ 9♣ 3♦ 
Computer plays 6♦

Computer wins cards
Score: Player 2 - Computer 7
Cards: Player 3 - Computer 14
No cards on the table
Cards in hand: 1)J♣ 2)J♥ 3)Q♥ 4)2♣ 5)4♣ 6)5♠ 
Choose a card to play (1-6):
> 2

1 cards on the table, and the top card is J♥
J♠ 3♠ 7♠ 9♣ 3♦ 
Computer plays J♠

Computer wins cards
Score: Player 2 - Computer 9
Cards: Player 3 - Computer 16
No cards on the table
Cards in hand: 1)J♣ 2)Q♥ 3)2♣ 4)4♣ 5)5♠ 
Choose a card to play (1-5):
> 1

1 cards on the table, and the top card is J♣
3♠ 7♠ 9♣ 3♦ 
Computer plays 9♣

Computer wins cards
Score: Player 2 - Computer 10
Cards: Player 3 - Computer 18
No cards on the table
Cards in hand: 1)Q♥ 2)2♣ 3)4♣ 4)5♠ 
Choose a card to play (1-4):
> 2

1 cards on the table, and the top card is 2♣
3♠ 7♠ 3♦ 
Computer plays 7♠

2 cards on the table, and the top card is 7♠
Cards in hand: 1)Q♥ 2)4♣ 3)5♠ 
Choose a card to play (1-3):
> 1

3 cards on the table, and the top card is Q♥
3♠ 3♦ 
Computer plays 3♠

4 cards on the table, and the top card is 3♠
Cards in hand: 1)4♣ 2)5♠ 
Choose a card to play (1-2):
> 1

5 cards on the table, and the top card is 4♣
3♦ 
Computer plays 3♦

6 cards on the table, and the top card is 3♦
Cards in hand: 1)5♠ 
Choose a card to play (1-1):
> 1

7 cards on the table, and the top card is 5♠
4♥ 6♠ 5♦ 7♣ 2♠ 5♥ 
Computer plays 2♠

Computer wins cards
Score: Player 2 - Computer 11
Cards: Player 3 - Computer 26
No cards on the table
Cards in hand: 1)3♥ 2)K♣ 3)K♠ 4)6♥ 5)8♦ 6)9♥ 
Choose a card to play (1-6):
> 1

1 cards on the table, and the top card is 3♥
4♥ 6♠ 5♦ 7♣ 5♥ 
Computer plays 5♥

Computer wins cards
Score: Player 2 - Computer 11
Cards: Player 3 - Computer 28
No cards on the table
Cards in hand: 1)K♣ 2)K♠ 3)6♥ 4)8♦ 5)9♥ 
Choose a card to play (1-5):
> 3

1 cards on the table, and the top card is 6♥
4♥ 6♠ 5♦ 7♣ 
Computer plays 4♥

Computer wins cards
Score: Player 2 - Computer 11
Cards: Player 3 - Computer 30
No cards on the table
Cards in hand: 1)K♣ 2)K♠ 3)8♦ 4)9♥ 
Choose a card to play (1-4):
> 1

1 cards on the table, and the top card is K♣
6♠ 5♦ 7♣ 
Computer plays 7♣

Computer wins cards
Score: Player 2 - Computer 12
Cards: Player 3 - Computer 32
No cards on the table
Cards in hand: 1)K♠ 2)8♦ 3)9♥ 
Choose a card to play (1-3):
> 1

1 cards on the table, and the top card is K♠
6♠ 5♦ 
Computer plays 6♠

Computer wins cards
Score: Player 2 - Computer 13
Cards: Player 3 - Computer 34
No cards on the table
Cards in hand: 1)8♦ 2)9♥ 
Choose a card to play (1-2):
> 1

1 cards on the table, and the top card is 8♦
5♦ 
Computer plays 5♦

Computer wins cards
Score: Player 2 - Computer 13
Cards: Player 3 - Computer 36
No cards on the table
Cards in hand: 1)9♥ 
Choose a card to play (1-1):
> 1

1 cards on the table, and the top card is 9♥
8♥ A♦ 2♦ 6♣ 4♠ Q♠ 
Computer plays 8♥

Computer wins cards
Score: Player 2 - Computer 13
Cards: Player 3 - Computer 38
No cards on the table
Cards in hand: 1)7♥ 2)8♣ 3)10♦ 4)8♠ 5)10♥ 6)10♠ 
Choose a card to play (1-6):
> 4

1 cards on the table, and the top card is 8♠
A♦ 2♦ 6♣ 4♠ Q♠ 
Computer plays Q♠

Computer wins cards
Score: Player 2 - Computer 14
Cards: Player 3 - Computer 40
No cards on the table
Cards in hand: 1)7♥ 2)8♣ 3)10♦ 4)10♥ 5)10♠ 
Choose a card to play (1-5):
> 1

1 cards on the table, and the top card is 7♥
A♦ 2♦ 6♣ 4♠ 
Computer plays A♦

2 cards on the table, and the top card is A♦
Cards in hand: 1)8♣ 2)10♦ 3)10♥ 4)10♠ 
Choose a card to play (1-4):
> 2

Player wins cards
Score: Player 4 - Computer 14
Cards: Player 6 - Computer 40
No cards on the table
2♦ 6♣ 4♠ 
Computer plays 6♣

1 cards on the table, and the top card is 6♣
Cards in hand: 1)8♣ 2)10♥ 3)10♠ 
Choose a card to play (1-3):
> 2

2 cards on the table, and the top card is 10♥
2♦ 4♠ 
Computer plays 2♦

3 cards on the table, and the top card is 2♦
Cards in hand: 1)8♣ 2)10♠ 
Choose a card to play (1-2):
> 1

4 cards on the table, and the top card is 8♣
4♠ 
Computer plays 4♠

5 cards on the table, and the top card is 4♠
Cards in hand: 1)10♠ 
Choose a card to play (1-1):
> 1

Player wins cards
Score: Player 6 - Computer 14
Cards: Player 12 - Computer 40
No cards on the table
Score: Player 6 - Computer 17
Cards: Player 12 - Computer 40
Game Over
?[1;31m
Start test 4?[0m
Indigo Card Game
Play first?
> yes
Initial cards on the table: 2♦ 9♣ 10♠ J♠ 

4 cards on the table, and the top card is J♠
Cards in hand: 1)10♦ 2)A♣ 3)J♣ 4)4♥ 5)6♣ 6)7♦ 
Choose a card to play (1-6):
> 0
Choose a card to play (1-6):
> 7
Choose a card to play (1-6):
> One
Choose a card to play (1-6):
> exit
Game Over
]]></system-out>
  <system-err><![CDATA[]]></system-err>
</testsuite>
